<?xml version="1.0" encoding="UTF-8"?>
<!-- Generated by org.testng.reporters.JUnitReportReporter -->
<testsuite hostname="LT-GLAH" failures="0" tests="1" name="testCases.TC_About_02_VerifyPageTitle" time="0.017" errors="0" timestamp="2025-06-19T17:31:11 IST" skipped="0">
  <testcase classname="testCases.TC_About_02_VerifyPageTitle" name="verify_pageTitle" time="0.017"/>
</testsuite> <!-- testCases.TC_About_02_VerifyPageTitle -->
