<?xml version="1.0" encoding="UTF-8"?>
<!-- Generated by org.testng.reporters.JUnitReportReporter -->
<testsuite hostname="LT-GLAH" failures="0" tests="1" name="testCases.TC002_LoginTest" time="12.223" errors="0" timestamp="2025-06-14T11:56:35 IST" skipped="0">
  <testcase classname="testCases.TC002_LoginTest" name="verify_login" time="12.223"/>
</testsuite> <!-- testCases.TC002_LoginTest -->
