<?xml version="1.0" encoding="UTF-8"?>
<!-- Generated by org.testng.reporters.JUnitReportReporter -->
<testsuite hostname="LT-GLAH" failures="0" tests="1" name="testCases.TC_About_09_VerifyWondRxvaluesSection" time="5.210" errors="0" timestamp="2025-06-21T15:52:47 IST" skipped="0">
  <testcase classname="testCases.TC_About_09_VerifyWondRxvaluesSection" name="verify_VerifyWondRxvaluesSection_displayed" time="5.210"/>
</testsuite> <!-- testCases.TC_About_09_VerifyWondRxvaluesSection -->
