<?xml version="1.0" encoding="UTF-8"?>
<!-- Generated by org.testng.reporters.JUnitReportReporter -->
<testsuite hostname="LT-GLAH" failures="0" tests="1" name="testCases.TC_About_14_VerifyImageAlt" time="0.177" errors="0" timestamp="2025-06-21T17:38:24 IST" skipped="0">
  <testcase classname="testCases.TC_About_14_VerifyImageAlt" name="verify_Image_Alt_Present" time="0.177"/>
</testsuite> <!-- testCases.TC_About_14_VerifyImageAlt -->
