<?xml version="1.0" encoding="UTF-8"?>
<!-- Generated by org.testng.reporters.JUnitReportReporter -->
<testsuite hostname="LT-GLAH" failures="0" tests="1" name="testCases.TC_About_18_VerifyFooterLogoAndCenterText" time="0.340" errors="0" timestamp="2025-06-21T15:52:47 IST" skipped="0">
  <testcase classname="testCases.TC_About_18_VerifyFooterLogoAndCenterText" name="verify_VerifyWondRxvaluesSection_displayed" time="0.340"/>
</testsuite> <!-- testCases.TC_About_18_VerifyFooterLogoAndCenterText -->
