<?xml version="1.0" encoding="UTF-8"?>
<!-- Generated by org.testng.reporters.JUnitReportReporter -->
<testsuite hostname="LT-GLAH" failures="0" tests="1" name="testCases.TC_About_06_VerifyWhoAreWeSection" time="0.127" errors="0" timestamp="2025-06-21T15:52:47 IST" skipped="0">
  <testcase classname="testCases.TC_About_06_VerifyWhoAreWeSection" name="verify_WhoAreWESectionheaderdisplayed" time="0.127"/>
</testsuite> <!-- testCases.TC_About_06_VerifyWhoAreWeSection -->
