<?xml version="1.0" encoding="UTF-8"?>
<!-- Generated by org.testng.reporters.JUnitReportReporter -->
<testsuite hostname="LT-GLAH" failures="0" tests="1" name="testCases.TC_About_17_VerifyFaIcons" time="0.053" errors="0" timestamp="2025-06-21T15:52:47 IST" skipped="0">
  <testcase classname="testCases.TC_About_17_VerifyFaIcons" name="verify_Verify_fa_icons_displayed" time="0.053"/>
</testsuite> <!-- testCases.TC_About_17_VerifyFaIcons -->
